2014.07.02 20:48 B d:\innovakids\Home\admin-login.html --> ftp.innovakids.com /innovaki admin-login.html
2014.07.02 20:50 B d:\innovakids\Home\about.html --> ftp.innovakids.com /innovaki about.html
2014.07.02 20:50 B d:\innovakids\Home\account-about.html --> ftp.innovakids.com /innovaki account-about.html
2014.07.02 20:50 B d:\innovakids\Home\account-classedit.html --> ftp.innovakids.com /innovaki account-classedit.html
2014.07.02 20:50 B d:\innovakids\Home\account-classes.html --> ftp.innovakids.com /innovaki account-classes.html
2014.07.02 20:50 B d:\innovakids\Home\account-forgot.html --> ftp.innovakids.com /innovaki account-forgot.html
2014.07.02 20:50 B d:\innovakids\Home\account-login-social.html --> ftp.innovakids.com /innovaki account-login-social.html
2014.07.02 20:50 B d:\innovakids\Home\account-login.html --> ftp.innovakids.com /innovaki account-login.html
2014.07.02 20:50 B d:\innovakids\Home\account-messages.html --> ftp.innovakids.com /innovaki account-messages.html
2014.07.02 20:50 B d:\innovakids\Home\account-profile.html --> ftp.innovakids.com /innovaki account-profile.html
2014.07.02 20:50 B d:\innovakids\Home\account-signup.html --> ftp.innovakids.com /innovaki account-signup.html
2014.07.02 20:51 B d:\innovakids\Home\admin-login.html --> ftp.innovakids.com /innovaki admin-login.html
2014.07.02 20:51 B d:\innovakids\Home\AdminLogin.aspx --> ftp.innovakids.com /innovaki AdminLogin.aspx
2014.07.02 20:51 B d:\innovakids\Home\AdminLogin.aspx.cs --> ftp.innovakids.com /innovaki AdminLogin.aspx.cs
2014.07.02 20:51 B d:\innovakids\Home\all-free-download.com.url --> ftp.innovakids.com /innovaki all-free-download.com.url
2014.07.02 20:51 B d:\innovakids\Home\components-bootstrap.html --> ftp.innovakids.com /innovaki components-bootstrap.html
2014.07.02 20:51 B d:\innovakids\Home\components-charts.html --> ftp.innovakids.com /innovaki components-charts.html
2014.07.02 20:52 B d:\innovakids\Home\components-datatables.html --> ftp.innovakids.com /innovaki components-datatables.html
2014.07.02 20:52 B d:\innovakids\Home\components-gallery.html --> ftp.innovakids.com /innovaki components-gallery.html
2014.07.02 20:52 B d:\innovakids\Home\components-popups.html --> ftp.innovakids.com /innovaki components-popups.html
2014.07.02 20:52 B d:\innovakids\Home\components-tabs.html --> ftp.innovakids.com /innovaki components-tabs.html
2014.07.02 20:52 B d:\innovakids\Home\components-validation.html --> ftp.innovakids.com /innovaki components-validation.html
2014.07.02 20:52 B d:\innovakids\Home\contact.html --> ftp.innovakids.com /innovaki contact.html
2014.07.02 20:52 B d:\innovakids\Home\dashboard-2.html --> ftp.innovakids.com /innovaki dashboard-2.html
2014.07.02 20:52 B d:\innovakids\Home\dashboard-3.html --> ftp.innovakids.com /innovaki dashboard-3.html
2014.07.02 20:53 B d:\innovakids\Home\Default.aspx --> ftp.innovakids.com /innovaki Default.aspx
2014.07.02 20:53 B d:\innovakids\Home\Default.aspx.cs --> ftp.innovakids.com /innovaki Default.aspx.cs
2014.07.02 20:53 B d:\innovakids\Home\DefaultPage.aspx --> ftp.innovakids.com /innovaki DefaultPage.aspx
2014.07.02 20:53 B d:\innovakids\Home\DefaultPage.aspx.cs --> ftp.innovakids.com /innovaki DefaultPage.aspx.cs
2014.07.02 20:53 B d:\innovakids\Home\extras-icons.html --> ftp.innovakids.com /innovaki extras-icons.html
2014.07.02 20:53 B d:\innovakids\Home\favicon.ico --> ftp.innovakids.com /innovaki favicon.ico
2014.07.02 20:53 B d:\innovakids\Home\HTMLPage.htm --> ftp.innovakids.com /innovaki HTMLPage.htm
2014.07.02 20:53 B d:\innovakids\Home\ie.css --> ftp.innovakids.com /innovaki ie.css
2014.07.02 20:53 B d:\innovakids\Home\ilearningsystemlarge.png --> ftp.innovakids.com /innovaki ilearningsystemlarge.png
2014.07.02 20:53 B d:\innovakids\Home\index.html --> ftp.innovakids.com /innovaki index.html
2014.07.02 20:53 B d:\innovakids\Home\index2.html --> ftp.innovakids.com /innovaki index2.html
2014.07.02 20:53 B d:\innovakids\Home\indexadmin.html --> ftp.innovakids.com /innovaki indexadmin.html
2014.07.02 20:54 B d:\innovakids\Home\indexold.html --> ftp.innovakids.com /innovaki indexold.html
2014.07.02 20:54 B d:\innovakids\Home\innovakids-classes.html --> ftp.innovakids.com /innovaki innovakids-classes.html
2014.07.02 20:54 B d:\innovakids\Home\innovakids-students.html --> ftp.innovakids.com /innovaki innovakids-students.html
2014.07.02 20:55 B d:\innovakids\Home\innovakidsboot.html --> ftp.innovakids.com /innovaki innovakidsboot.html
2014.07.02 20:55 B d:\innovakids\Home\innovakidslogolarge.png --> ftp.innovakids.com /innovaki innovakidslogolarge.png
2014.07.02 20:56 B d:\innovakids\Home\innovakidslogosmall.png --> ftp.innovakids.com /innovaki innovakidslogosmall.png
2014.07.02 20:56 B d:\innovakids\Home\mainmenu.html --> ftp.innovakids.com /innovaki mainmenu.html
2014.07.02 20:56 B d:\innovakids\Home\page-404.html --> ftp.innovakids.com /innovaki page-404.html
2014.07.02 20:56 B d:\innovakids\Home\page-500.html --> ftp.innovakids.com /innovaki page-500.html
2014.07.02 20:56 B d:\innovakids\Home\page-contact.html --> ftp.innovakids.com /innovaki page-contact.html
2014.07.02 20:56 B d:\innovakids\Home\page-faq.html --> ftp.innovakids.com /innovaki page-faq.html
2014.07.02 20:56 B d:\innovakids\Home\page-features.html --> ftp.innovakids.com /innovaki page-features.html
2014.07.02 20:56 B d:\innovakids\Home\page-localdb.html --> ftp.innovakids.com /innovaki page-localdb.html
2014.07.02 20:57 B d:\innovakids\Home\page-notifications.html --> ftp.innovakids.com /innovaki page-notifications.html
2014.07.02 20:57 B d:\innovakids\Home\page-pricing.html --> ftp.innovakids.com /innovaki page-pricing.html
2014.07.02 20:58 B d:\innovakids\Home\page-profile.html --> ftp.innovakids.com /innovaki page-profile.html
2014.07.02 20:58 B d:\innovakids\Home\page-settings.html --> ftp.innovakids.com /innovaki page-settings.html
2014.07.02 20:58 B d:\innovakids\Home\page.html --> ftp.innovakids.com /innovaki page.html
2014.07.02 20:58 B d:\innovakids\Home\parent-login.html --> ftp.innovakids.com /innovaki parent-login.html
2014.07.02 20:58 B d:\innovakids\Home\ParentLogin.aspx --> ftp.innovakids.com /innovaki ParentLogin.aspx
2014.07.02 20:58 B d:\innovakids\Home\ParentLogin.aspx.cs --> ftp.innovakids.com /innovaki ParentLogin.aspx.cs
2014.07.02 20:59 B d:\innovakids\Home\publish.htm --> ftp.innovakids.com /innovaki publish.htm
2014.07.02 20:59 B d:\innovakids\Home\script.js --> ftp.innovakids.com /innovaki script.js
2014.07.02 20:59 B d:\innovakids\Home\Service.svc --> ftp.innovakids.com /innovaki Service.svc
2014.07.02 20:59 B d:\innovakids\Home\student-login.html --> ftp.innovakids.com /innovaki student-login.html
2014.07.02 20:59 B d:\innovakids\Home\StudentLogin.aspx --> ftp.innovakids.com /innovaki StudentLogin.aspx
2014.07.02 20:59 B d:\innovakids\Home\StudentLogin.aspx.cs --> ftp.innovakids.com /innovaki StudentLogin.aspx.cs
2014.07.02 20:59 B d:\innovakids\Home\style.css --> ftp.innovakids.com /innovaki style.css
2014.07.02 20:59 B d:\innovakids\Home\teacher-login.html --> ftp.innovakids.com /innovaki teacher-login.html
2014.07.02 20:59 B d:\innovakids\Home\Thumbs.db --> ftp.innovakids.com /innovaki Thumbs.db
2014.07.02 20:59 B d:\innovakids\Home\user-classes.html --> ftp.innovakids.com /innovaki user-classes.html
2014.07.02 20:59 B d:\innovakids\Home\Web.config --> ftp.innovakids.com /innovaki Web.config
2014.07.02 20:59 B d:\innovakids\Home\website.publishproj --> ftp.innovakids.com /innovaki website.publishproj
2014.07.02 21:09 B d:\innovakids\Home\admin-login.html --> ftp.innovakids.com /innovaki admin-login.html
2014.07.05 10:48 B d:\innovakids\Home\admin-login.html --> ftp.innovakids.com /innovaki admin-login.html
2014.07.05 10:48 B d:\innovakids\Home\account-classedit.html --> ftp.innovakids.com /innovaki account-classedit.html
2014.07.05 10:49 B d:\innovakids\Home\account-signup.html --> ftp.innovakids.com /innovaki account-signup.html
2014.07.05 10:49 B d:\innovakids\Home\account-classes.html --> ftp.innovakids.com /innovaki account-classes.html
2014.07.05 10:49 B d:\innovakids\Home\components-datatables.html --> ftp.innovakids.com /innovaki components-datatables.html
2014.07.05 10:49 B d:\innovakids\Home\mainmenu.html --> ftp.innovakids.com /innovaki mainmenu.html
2014.07.05 10:49 B d:\innovakids\Home\account-profile.html --> ftp.innovakids.com /innovaki account-profile.html
2014.07.05 10:49 B d:\innovakids\Home\indexadmin.html --> ftp.innovakids.com /innovaki indexadmin.html
2014.07.05 10:49 B d:\innovakids\Home\account-messages.html --> ftp.innovakids.com /innovaki account-messages.html
2014.07.05 10:49 B d:\innovakids\Home\page-notifications.html --> ftp.innovakids.com /innovaki page-notifications.html
2014.07.05 10:49 B d:\innovakids\Home\account-login.html --> ftp.innovakids.com /innovaki account-login.html
2014.07.05 10:49 B d:\innovakids\Home\page-contact.html --> ftp.innovakids.com /innovaki page-contact.html
2014.07.05 10:49 B d:\innovakids\Home\student-login.html --> ftp.innovakids.com /innovaki student-login.html
2014.07.05 11:36 B d:\innovakids\Home\testconnect.html --> ftp.innovakids.com /innovaki testconnect.html
2014.07.05 11:40 B d:\innovakids\Home\testconnect.html --> ftp.innovakids.com /innovaki testconnect.html
2014.07.09 10:08 B d:\innovakids\Home\account-classadd.html --> ftp.innovakids.com /innovaki account-classadd.html
2014.07.09 10:08 B d:\innovakids\Home\account-classes.html --> ftp.innovakids.com /innovaki account-classes.html
2014.07.09 10:08 B d:\innovakids\Home\account-contact.html --> ftp.innovakids.com /innovaki account-contact.html
2014.07.09 10:08 B d:\innovakids\Home\account-schedule.html --> ftp.innovakids.com /innovaki account-schedule.html
2014.07.09 10:08 B d:\innovakids\Home\page-features.html --> ftp.innovakids.com /innovaki page-features.html
2014.07.09 10:08 B d:\innovakids\Home\mainmenu.html --> ftp.innovakids.com /innovaki mainmenu.html
2014.07.09 10:09 B d:\innovakids\Home\indexadmin.html --> ftp.innovakids.com /innovaki indexadmin.html
2014.07.09 10:09 B d:\innovakids\Home\account-tasks.html --> ftp.innovakids.com /innovaki account-tasks.html
2014.07.09 10:09 B d:\innovakids\Home\account-signup.html --> ftp.innovakids.com /innovaki account-signup.html
2014.07.09 10:09 B d:\innovakids\Home\account-settings.html --> ftp.innovakids.com /innovaki account-settings.html
2014.07.09 10:09 B d:\innovakids\Home\account-reports.html --> ftp.innovakids.com /innovaki account-reports.html
2014.07.09 10:09 B d:\innovakids\Home\account-classedit.html --> ftp.innovakids.com /innovaki account-classedit.html
2014.07.09 10:09 B d:\innovakids\Home\account-profile.html --> ftp.innovakids.com /innovaki account-profile.html
2014.07.09 10:19 B d:\innovakids\Home\account-classedit.html --> ftp.innovakids.com /innovaki account-classedit.html
2014.07.09 10:19 B d:\innovakids\Home\account-classadd.html --> ftp.innovakids.com /innovaki account-classadd.html
2014.07.09 10:19 B d:\innovakids\Home\account-profile.html --> ftp.innovakids.com /innovaki account-profile.html
2014.07.09 10:19 B d:\innovakids\Home\account-classes.html --> ftp.innovakids.com /innovaki account-classes.html
2014.07.09 10:19 B d:\innovakids\Home\account-contact.html --> ftp.innovakids.com /innovaki account-contact.html
2014.07.09 10:19 B d:\innovakids\Home\account-schedule.html --> ftp.innovakids.com /innovaki account-schedule.html
2014.07.09 10:19 B d:\innovakids\Home\page-features.html --> ftp.innovakids.com /innovaki page-features.html
2014.07.10 13:52 B d:\innovakids\Home\account-classes.html --> ftp.innovakids.com /innovaki account-classes.html
2014.07.10 13:53 B d:\innovakids\Home\account-classedit.html --> ftp.innovakids.com /innovaki account-classedit.html
2014.07.10 13:53 B d:\innovakids\Home\account-lesson.html --> ftp.innovakids.com /innovaki account-lesson.html
2014.07.10 13:53 B d:\innovakids\Home\account-studentedit.html --> ftp.innovakids.com /innovaki account-studentedit.html
2014.07.10 13:53 B d:\innovakids\Home\account-student.html --> ftp.innovakids.com /innovaki account-student.html
2014.07.10 13:53 B d:\innovakids\Home\student-profileedit.html --> ftp.innovakids.com /innovaki student-profileedit.html
2014.07.10 13:53 B d:\innovakids\Home\student-profile.html --> ftp.innovakids.com /innovaki student-profile.html
2014.07.10 13:53 B d:\innovakids\Home\account-tasks.html --> ftp.innovakids.com /innovaki account-tasks.html
2014.07.10 13:54 B d:\innovakids\Home\account-settings.html --> ftp.innovakids.com /innovaki account-settings.html
2014.07.10 13:54 B d:\innovakids\Home\account-schedule.html --> ftp.innovakids.com /innovaki account-schedule.html
2014.07.10 13:54 B d:\innovakids\Home\account-reports.html --> ftp.innovakids.com /innovaki account-reports.html
2014.07.10 13:54 B d:\innovakids\Home\account-profile.html --> ftp.innovakids.com /innovaki account-profile.html
2014.07.10 13:54 B d:\innovakids\Home\account-contact.html --> ftp.innovakids.com /innovaki account-contact.html
2014.07.10 13:54 B d:\innovakids\Home\account-classadd.html --> ftp.innovakids.com /innovaki account-classadd.html
2014.07.10 13:54 B d:\innovakids\Home\mainmenu.html --> ftp.innovakids.com /innovaki mainmenu.html
2014.07.29 12:48 B c:\innovakids\Home\WS_FTP.LOG <-- Innovakids /innovaki WS_FTP.LOG
2014.07.29 12:48 B c:\innovakids\Home\account-classes.html.old <-- Innovakids /innovaki account-classes.html.old
2014.07.29 12:48 B c:\innovakids\Home\account-lesson.html <-- Innovakids /innovaki account-lesson.html
2014.07.29 12:48 B c:\innovakids\Home\account-studentedit.html <-- Innovakids /innovaki account-studentedit.html
2014.07.29 12:48 B c:\innovakids\Home\account-student.html <-- Innovakids /innovaki account-student.html
2014.07.29 12:48 B c:\innovakids\Home\student-profileedit.html <-- Innovakids /innovaki student-profileedit.html
2014.07.29 12:48 B c:\innovakids\Home\student-profile.html <-- Innovakids /innovaki student-profile.html
2014.07.29 12:48 B c:\innovakids\Home\account-tasks.html <-- Innovakids /innovaki account-tasks.html
2014.07.29 12:48 B c:\innovakids\Home\account-settings.html <-- Innovakids /innovaki account-settings.html
2014.07.29 12:48 B c:\innovakids\Home\account-schedule.html <-- Innovakids /innovaki account-schedule.html
2014.07.29 12:48 B c:\innovakids\Home\account-reports.html <-- Innovakids /innovaki account-reports.html
2014.07.29 12:48 B c:\innovakids\Home\account-profile.html <-- Innovakids /innovaki account-profile.html
2014.07.29 12:48 B c:\innovakids\Home\account-contact.html <-- Innovakids /innovaki account-contact.html
2014.07.29 12:48 B c:\innovakids\Home\account-classadd.html <-- Innovakids /innovaki account-classadd.html
2014.07.29 12:48 B c:\innovakids\Home\page-features.html <-- Innovakids /innovaki page-features.html
2014.07.29 12:48 B c:\innovakids\Home\indexadmin.html <-- Innovakids /innovaki indexadmin.html
2014.07.29 12:55 B c:\innovakids\Home\mainmenu.html --> ftp.Innovakids.com /innovaki mainmenu.html
2014.07.29 12:58 B c:\innovakids\Home\mainmenu.html --> ftp.Innovakids.com /innovaki mainmenu.html
2014.07.29 19:16 B c:\innovakids\Home\account-classes-matt.php --> ftp.Innovakids.com /innovaki account-classes-matt.php
2014.07.29 19:19 B c:\innovakids\Home\account-classes-matt.php --> ftp.Innovakids.com /innovaki account-classes-matt.php
2014.07.29 19:33 B c:\innovakids\Home\account-classes-matt.php --> ftp.Innovakids.com /innovaki account-classes-matt.php
2014.07.29 19:54 B c:\innovakids\Home\account-classes-matt.php --> ftp.Innovakids.com /innovaki account-classes-matt.php
2014.07.29 19:54 B c:\innovakids\Home\req_scripts.php --> ftp.Innovakids.com /innovaki req_scripts.php
2014.07.29 20:02 B c:\innovakids\Home\req_scripts.php --> ftp.Innovakids.com /innovaki req_scripts.php
2014.07.29 20:02 B c:\innovakids\Home\account-classes-matt.php --> ftp.Innovakids.com /innovaki account-classes-matt.php
2014.07.29 20:29 B c:\innovakids\Home\req_scripts.php --> ftp.Innovakids.com /innovaki req_scripts.php
2014.07.29 20:29 B c:\innovakids\Home\account-classes-matt.php --> ftp.Innovakids.com /innovaki account-classes-matt.php
2014.07.29 20:30 B c:\innovakids\Home\req_scripts.php --> ftp.Innovakids.com /innovaki req_scripts.php
2014.07.29 20:30 B c:\innovakids\Home\account-classes-matt.php --> ftp.Innovakids.com /innovaki account-classes-matt.php
2014.07.29 20:52 B c:\innovakids\Home\account-classes-matt.php --> ftp.Innovakids.com /innovaki account-classes-matt.php
2014.07.29 20:52 B c:\innovakids\Home\req_scripts.php --> ftp.Innovakids.com /innovaki req_scripts.php
2014.07.29 20:57 B c:\innovakids\Home\account-classes-matt.php --> ftp.Innovakids.com /innovaki account-classes-matt.php
2014.07.29 21:17 B c:\innovakids\Home\account-classes-matt.php --> ftp.Innovakids.com /innovaki account-classes-matt.php
2014.08.03 10:57 B c:\innovakids\Home\account-classes.php <-- Innovakids /innovaki account-classes.php
2014.08.03 10:57 B c:\innovakids\Home\index.html <-- Innovakids /innovaki index.html
2014.08.03 10:57 B c:\innovakids\Home\frontpage1.jpg <-- Innovakids /innovaki frontpage1.jpg
2014.08.03 10:57 B c:\innovakids\Home\page-pricing.html <-- Innovakids /innovaki page-pricing.html
2014.08.03 10:57 B c:\innovakids\Home\page-localdb.html <-- Innovakids /innovaki page-localdb.html
2014.08.03 10:57 B c:\innovakids\Home\page-free.html <-- Innovakids /innovaki page-free.html
2014.08.03 10:57 B c:\innovakids\Home\page-features.html <-- Innovakids /innovaki page-features.html
2014.08.03 10:57 B c:\innovakids\Home\page-faq.html <-- Innovakids /innovaki page-faq.html
2014.08.03 10:57 B c:\innovakids\Home\page-contact.html <-- Innovakids /innovaki page-contact.html
2014.08.03 10:57 B c:\innovakids\Home\mainmenu.php <-- Innovakids /innovaki mainmenu.php
2014.08.03 10:57 B c:\innovakids\Home\account-login.html <-- Innovakids /innovaki account-login.html
2014.08.03 10:57 B c:\innovakids\Home\frontpage1.png <-- Innovakids /innovaki frontpage1.png
2014.08.03 10:57 B c:\innovakids\Home\account-lesson-manager.html <-- Innovakids /innovaki account-lesson-manager.html
2014.08.03 10:57 B c:\innovakids\Home\admin-login.html <-- Innovakids /innovaki admin-login.html
2014.08.03 10:57 B c:\innovakids\Home\account-classes-matt.php <-- Innovakids /innovaki account-classes-matt.php
2014.08.03 10:57 B c:\innovakids\Home\account-lesson.html <-- Innovakids /innovaki account-lesson.html
2014.08.03 10:57 B c:\innovakids\Home\req_scripts.php <-- Innovakids /innovaki req_scripts.php
2014.08.03 10:57 B c:\innovakids\Home\mainmenu.html <-- Innovakids /innovaki mainmenu.html
2014.08.03 10:57 B c:\innovakids\Home\account-school.html <-- Innovakids /innovaki account-school.html
2014.08.03 11:09 B c:\innovakids\Home\inc_header.php --> ftp.Innovakids.com /innovaki inc_header.php
2014.08.03 11:09 B c:\innovakids\Home\index.html --> ftp.Innovakids.com /innovaki index.html
2014.08.03 11:09 B c:\innovakids\Home\WS_FTP.LOG --> ftp.Innovakids.com /innovaki WS_FTP.LOG
2014.08.03 11:09 B c:\innovakids\Home\account-classes.php --> ftp.Innovakids.com /innovaki account-classes.php
2014.08.03 11:09 B c:\innovakids\Home\frontpage1.jpg --> ftp.Innovakids.com /innovaki frontpage1.jpg
2014.08.03 11:10 B c:\innovakids\Home\inc_header.php --> ftp.Innovakids.com /innovaki inc_header.php
2014.08.03 11:12 B c:\innovakids\Home\mainmenu.php --> ftp.Innovakids.com /innovaki mainmenu.php
2014.08.03 11:12 B c:\innovakids\Home\account-classes.php --> ftp.Innovakids.com /innovaki account-classes.php
2014.08.03 11:16 B c:\innovakids\Home\inc_header.php --> ftp.Innovakids.com /innovaki inc_header.php
2014.08.03 11:25 B c:\innovakids\Home\account-classes-Advanced.php --> ftp.Innovakids.com /innovaki account-classes-Advanced.php
2014.08.03 11:25 B c:\innovakids\Home\account-classes.php --> ftp.Innovakids.com /innovaki account-classes.php
2014.08.03 11:25 B c:\innovakids\Home\WS_FTP.LOG --> ftp.Innovakids.com /innovaki WS_FTP.LOG
2014.08.03 11:26 B c:\innovakids\Home\inc_header.php --> ftp.Innovakids.com /innovaki inc_header.php
2014.08.03 11:40 B c:\innovakids\Home\account-classes-Advanced.php --> ftp.Innovakids.com /innovaki account-classes-Advanced.php
2014.08.17 16:32 B d:\innovakids\Home\WS_FTP.LOG <-- New Innovakids /innovaki WS_FTP.LOG
2014.08.17 16:33 B d:\innovakids\Home\account-classes-Advanced.php <-- New Innovakids /innovaki account-classes-Advanced.php
2014.08.17 16:33 B d:\innovakids\Home\account-classes-matt.php <-- New Innovakids /innovaki account-classes-matt.php
2014.08.17 16:33 B d:\innovakids\Home\req_scripts.php <-- New Innovakids /innovaki req_scripts.php
2014.08.17 16:33 B d:\innovakids\Home\account-school.html <-- New Innovakids /innovaki account-school.html
2014.08.17 16:34 B d:\innovakids\Home\student.svc <-- New Innovakids /innovaki student.svc
2014.08.17 16:34 B d:\innovakids\Home\table_studentlist.js <-- New Innovakids /innovaki table_studentlist.js
2014.08.17 16:34 B d:\innovakids\Home\Classes.svc <-- New Innovakids /innovaki Classes.svc
2014.08.17 16:34 B d:\innovakids\Home\school.svc <-- New Innovakids /innovaki school.svc
2014.08.17 16:34 B d:\innovakids\Home\Service.svc <-- New Innovakids /innovaki Service.svc
2014.08.17 16:34 B d:\innovakids\Home\students.svc <-- New Innovakids /innovaki students.svc
2014.08.17 16:34 B d:\innovakids\Home\Web.config <-- New Innovakids /innovaki Web.config
2014.08.17 16:34 B d:\innovakids\Home\admin-login.html <-- New Innovakids /innovaki admin-login.html
2014.08.17 16:34 B d:\innovakids\Home\students.cs <-- New Innovakids /innovaki students.cs
2014.08.17 16:34 B d:\innovakids\Home\inc_header.php <-- New Innovakids /innovaki inc_header.php
2014.08.17 16:35 B d:\innovakids\Home\account-classedit.php <-- New Innovakids /innovaki account-classedit.php
2014.08.17 16:36 B d:\innovakids\Home\Classes.cs <-- New Innovakids /innovaki Classes.cs
2014.08.17 16:37 B d:\innovakids\Home\account-classview.php <-- New Innovakids /innovaki account-classview.php
2014.08.17 17:20 B d:\innovakids\Home\account-classview.php --> ftp.innovakids.com /innovaki account-classview.php
2014.08.26 12:35 B d:\innovakids\Home\account-schoolschedule.php <-- New Innovakids /innovaki account-schoolschedule.php
2014.08.26 12:35 B d:\innovakids\Home\mainmenu.php <-- New Innovakids /innovaki mainmenu.php
2014.08.26 12:35 B d:\innovakids\Home\account-schoolschedule <-- New Innovakids /innovaki account-schoolschedule
2014.08.26 12:35 B d:\innovakids\Home\account-classschedule.php <-- New Innovakids /innovaki account-classschedule.php
2014.08.26 12:35 B d:\innovakids\Home\events.json.php <-- New Innovakids /innovaki events.json.php
2014.08.26 12:35 B d:\innovakids\Home\data.json <-- New Innovakids /innovaki data.json
2014.08.26 12:35 B d:\innovakids\Home\calendar.html <-- New Innovakids /innovaki calendar.html
2014.08.26 12:35 B d:\innovakids\Home\account-classview.php <-- New Innovakids /innovaki account-classview.php
2014.08.26 12:35 B d:\innovakids\Home\inc_header.php <-- New Innovakids /innovaki inc_header.php
2014.08.26 12:35 B d:\innovakids\Home\account-classes.php <-- New Innovakids /innovaki account-classes.php
2014.08.26 12:35 B d:\innovakids\Home\account-classes-Advanced.php <-- New Innovakids /innovaki account-classes-Advanced.php
2014.08.26 12:35 B d:\innovakids\Home\Classes.cs <-- New Innovakids /innovaki Classes.cs
2014.08.26 12:35 B d:\innovakids\Home\account-classedit.php <-- New Innovakids /innovaki account-classedit.php
2014.08.26 12:41 B d:\innovakids\Home\index.html <-- New Innovakids /innovaki index.html
2014.08.26 12:41 B d:\innovakids\Home\index.html --> ftp.innovakids.com /innovaki index.html
2014.08.26 12:48 B d:\innovakids\Home\index.html --> ftp.innovakids.com /innovaki index.html
2014.08.26 12:53 B d:\innovakids\Home\index.html --> ftp.innovakids.com /innovaki index.html
2014.08.26 12:55 B d:\innovakids\Home\index.html --> ftp.innovakids.com /innovaki index.html
2014.08.26 12:59 B d:\innovakids\Home\account-classview.php --> ftp.innovakids.com /innovaki account-classview.php
2014.09.05 12:36 B d:\innovakids\Home\index.html --> ftp.innovakids.com /innovaki index.html
2014.09.05 12:43 B d:\innovakids\Home\contact.html --> ftp.innovakids.com /innovaki contact.html
2014.09.05 12:43 B d:\innovakids\Home\about.html --> ftp.innovakids.com /innovaki about.html
2014.09.11 12:42 B d:\innovakids\Home\account-classes.php <-- New Innovakids /innovaki account-classes.php
2014.09.11 12:43 B d:\innovakids\Home\account-classview.php <-- New Innovakids /innovaki account-classview.php
2014.09.11 12:43 B d:\innovakids\Home\account-classschedule.php <-- New Innovakids /innovaki account-classschedule.php
2014.09.11 12:43 B d:\innovakids\Home\mainmenu.php <-- New Innovakids /innovaki mainmenu.php
2014.09.11 12:43 B d:\innovakids\Home\req_scripts.php <-- New Innovakids /innovaki req_scripts.php
2014.09.11 12:43 B d:\innovakids\Home\account-classes-Advanced.php <-- New Innovakids /innovaki account-classes-Advanced.php
2014.09.11 12:43 B d:\innovakids\Home\account-classedit.php <-- New Innovakids /innovaki account-classedit.php
2014.09.11 12:43 B d:\innovakids\Home\contact.html <-- New Innovakids /innovaki contact.html
2014.09.11 12:43 B d:\innovakids\Home\about.html <-- New Innovakids /innovaki about.html
2014.09.11 12:43 B d:\innovakids\Home\index.html <-- New Innovakids /innovaki index.html
2014.09.11 12:43 B d:\innovakids\Home\account-schoolschedule.php <-- New Innovakids /innovaki account-schoolschedule.php
2014.09.11 12:43 B d:\innovakids\Home\account-schoolschedule <-- New Innovakids /innovaki account-schoolschedule
2014.09.11 12:44 B d:\innovakids\Home\Classes.cs <-- New Innovakids /innovaki Classes.cs
2014.09.11 12:44 B d:\innovakids\Home\students.svc <-- New Innovakids /innovaki students.svc
2014.09.11 12:52 B d:\innovakids\Home\inc_header.php --> ftp.innovakids.com /innovaki inc_header.php
2014.09.11 12:52 B d:\innovakids\Home\account-school.php --> ftp.innovakids.com /innovaki account-school.php
2014.09.11 12:58 B d:\innovakids\Home\account-school.php --> ftp.innovakids.com /innovaki account-school.php
2014.09.11 12:58 B d:\innovakids\Home\inc_header.php --> ftp.innovakids.com /innovaki inc_header.php
2014.09.11 12:58 B d:\innovakids\Home\account-students.php --> ftp.innovakids.com /innovaki account-students.php
